C51 COMPILER V9.02   TIMER2                                                                03/02/2016 14:48:45 PAGE 1   


C51 COMPILER V9.02, COMPILATION OF MODULE TIMER2
OBJECT MODULE PLACED IN timer2.OBJ
COMPILER INVOKED BY: C:\Keil\C51\BIN\C51.EXE timer2.c BROWSE DEBUG OBJECTEXTEND

line level    source

   1          #include<reg51.h>
   2          void wait()
   3          {
   4   1      int i;
   5   1      for(i=1;i<=15;i++)
   6   1      {
   7   2          while(TF1==0);       //polling
   8   2          TF1=0;
   9   2      
  10   2      }
  11   1       TL1=0x40;                 //for 50ms
  12   1       TH1=0x42;
  13   1       while(TF1==0);  //polling
  14   1        TF1=0;                 //polling
  15   1      
  16   1      }
  17          
  18          
  19          
  20          void main()
  21          {
  22   1      
  23   1       TMOD=0x10;
  24   1       TR1=1;
  25   1       TH1=0;
  26   1       TL1=0;
  27   1       while(1)
  28   1            {
  29   2                  P2=0xff;
  30   2                      wait();
  31   2                      P2=0x00;
  32   2                      wait();
  33   2                }
  34   1      
  35   1      }


MODULE INFORMATION:   STATIC OVERLAYABLE
   CODE SIZE        =     56    ----
   CONSTANT SIZE    =   ----    ----
   XDATA SIZE       =   ----    ----
   PDATA SIZE       =   ----    ----
   DATA SIZE        =   ----    ----
   IDATA SIZE       =   ----    ----
   BIT SIZE         =   ----    ----
END OF MODULE INFORMATION.


C51 COMPILATION COMPLETE.  0 WARNING(S),  0 ERROR(S)
