C51 COMPILER V9.02   KEYPAD2                                                               03/01/2016 21:08:44 PAGE 1   


C51 COMPILER V9.02, COMPILATION OF MODULE KEYPAD2
OBJECT MODULE PLACED IN keypad2.OBJ
COMPILER INVOKED BY: C:\Keil\C51\BIN\C51.EXE keypad2.c BROWSE DEBUG OBJECTEXTEND

line level    source

   1                                                                                                                                                           #include<reg51.h>
   2          #include<string.h>
   3           sbit rs = P3^0;
   4           sbit rw = P3^1;
   5           sbit e =  P3^2;
   6           sbit led=P3^7;
   7          void delay(int t)
   8          {
   9   1        while(t--);
  10   1      }
  11          
  12          void cmd(char c)
  13          {
  14   1        P2=c;
  15   1        rs=0;
  16   1        rw=0;
  17   1        e=1;
  18   1        delay(50);
  19   1        e=0;
  20   1      }
  21          
  22          void dat(char c)
  23          {
  24   1        P2=c;
  25   1        rs=1;
  26   1        rw=0;
  27   1        e=1;
  28   1        delay(50);
  29   1        e=0;
  30   1      }
  31          void lcd()
  32          {
  33   1       cmd(0x01);
  34   1       delay(50);
  35   1       cmd(0x38);
  36   1       delay(50);
  37   1       cmd(0x0e);
  38   1       delay(50);
  39   1       cmd(0x80);
  40   1       delay(50);
  41   1      }
  42          void string(char *p)
  43          {
  44   1       while(*p!='\0')
  45   1         {
  46   2            dat(*p);
  47   2             p++;
  48   2             delay(9000);
  49   2         }
  50   1      }
  51          
  52          void num(unsigned int p)
  53          {
  54   1       unsigned int k,w,b=1;
  55   1       k=p;
C51 COMPILER V9.02   KEYPAD2                                                               03/01/2016 21:08:44 PAGE 2   

  56   1       while(k>=10)
  57   1         {
  58   2           b=b*10;
  59   2               k=k/10;
  60   2         }
  61   1       while(b>=1)
  62   1         {
  63   2           w=p/b;
  64   2               p=p%b;
  65   2               b=b/10;
  66   2               dat(w+48);
  67   2              }
  68   1      }
  69          
  70          void main()
  71          {
  72   1       
  73   1       int a,b,c;
  74   1       int i,j;
  75   1      // char arr[]="1234";
  76   1       int ent[4]; int pas[4];
  77   1       P3=0x00;
  78   1      
  79   1       z:lcd();
  80   1       
  81   1       string("enter username");
  82   1      // string("enter pass");
  83   1       delay(9000);
  84   1       cmd(0x01);
  85   1       cmd(0x80);
  86   1       while(1)
  87   1         {
  88   2      
  89   2               for(j=0;j<4;j++)
  90   2               {
  91   3             P1=0x0f;
  92   3             while(P1==0x0f);
  93   3               
  94   3                   a=P1;
  95   3                       P1=0xf0;
  96   3                        while(P1==0xf0);
  97   3                        
  98   3                           b=P1;
  99   3                               while(P1!=0xf0);
 100   3                               c=a|b;
 101   3                               
 102   3                               
 103   3                         ent[j]=c;
 104   3      
 105   3      
 106   3      
 107   3                              if(c==0xe7)
 108   3                                 {
 109   4                                   cmd(0x80);
 110   4                                   num(0);
 111   4                                      }
 112   3                               if(c==0xeb)
 113   3                                  {
 114   4                                        cmd(0x80);
 115   4                                        dat('1');
 116   4                                       }
 117   3                              if(c==0xed)
C51 COMPILER V9.02   KEYPAD2                                                               03/01/2016 21:08:44 PAGE 3   

 118   3                                 {
 119   4                                  cmd(0x80);
 120   4                                      dat('2');
 121   4                                 }
 122   3                                 
 123   3                               if(c==0xee)
 124   3                                 {
 125   4                                   cmd(0x80);
 126   4                                       dat('3');
 127   4                                      }
 128   3                                      
 129   3                              if(c==0xd7)
 130   3                                {
 131   4                                  cmd(0x80);
 132   4                                      dat('4');
 133   4                                }     
 134   3                              if(c==0xdb)
 135   3                                {
 136   4                                  cmd(0x80);
 137   4                                      dat('5');
 138   4                                }
 139   3                               if(c==0xdd)
 140   3                               {
 141   4                         cmd(0x80);
 142   4                                 dat('6');
 143   4                                }
 144   3                               if(c==0xde)
 145   3                                 {
 146   4                                    cmd(0x80);
 147   4                                        dat('7');
 148   4                                      }
 149   3                                      
 150   3                            if(c==0xb7)
 151   3                                 {
 152   4                                    cmd(0x80);
 153   4                                        dat('8');
 154   4                                      }
 155   3                                if(c==0xbb)
 156   3                                  {
 157   4                                        cmd(0x80);
 158   4                                        num(9);
 159   4                                       }
 160   3                                if(c==0xbd)
 161   3                                  {
 162   4                                        cmd(0x80);
 163   4                                        num(10);
 164   4                                       }
 165   3                                if(c==0xbe)
 166   3                                  {
 167   4                                        cmd(0x80);
 168   4                                        num(11);
 169   4                                       }  
 170   3                                if(c==0x77)
 171   3                                  {
 172   4                                         cmd(0x80);
 173   4                                        // num(12);
 174   4                                         string("n");
 175   4                                       }
 176   3                               if(c==0x7b)
 177   3                                {
 178   4                                  cmd(0x80);
 179   4                                      //num(13);
C51 COMPILER V9.02   KEYPAD2                                                               03/01/2016 21:08:44 PAGE 4   

 180   4                                      string("a");
 181   4                                 }
 182   3                                 
 183   3                               if(c==0x7d)
 184   3                               {
 185   4                                 cmd(0x80);
 186   4                                 //num(14);
 187   4                                 string("m");
 188   4                                }
 189   3                                
 190   3                                if(c==0x7e)
 191   3                                {
 192   4                                  cmd(0x80);
 193   4                                      //num(15);
 194   4                                      string("e");
 195   4                                } 
 196   3                              
 197   3                        
 198   3                      }
 199   2      
 200   2                  delay(9000);
 201   2                      cmd(0x01);
 202   2      
 203   2                      if(ent[0]==0x77 && ent[1]==0x7b && ent[2]==0x7d && ent[3]==0x7e)
 204   2                                {
 205   3                                   
 206   3                                   
 207   3                                   string(" enter pass ");
 208   3                                       delay(9000);
 209   3                                       cmd(0x01);
 210   3                                       cmd(0x80);
 211   3                                       for(i=0;i<4;i++)
 212   3                                         {
 213   4                                           P1=0x0f;
 214   4                              while(P1==0x0f);
 215   4               
 216   4                                           a=P1;
 217   4                                               P1=0xf0;
 218   4                                                 while(P1==0xf0);
 219   4                        
 220   4                                                    b=P1;
 221   4                                                          while(P1!=0xf0);
 222   4                                                                c=a|b;
 223   4                               
 224   4                               
 225   4                                                        pas[i]=c;
 226   4      
 227   4                              //delay(9000);
 228   4                              //cmd(0x01);
 229   4                              //cmd(0x80);                     
 230   4                              if(c==0xe7)
 231   4                                 {
 232   5                                   cmd(0x80);
 233   5                                   num(0);
 234   5                                      }
 235   4                               if(c==0xeb)
 236   4                                  {
 237   5                                        cmd(0x80);
 238   5                                        dat('1');
 239   5                                       }
 240   4                              if(c==0xed)
 241   4                                 {
C51 COMPILER V9.02   KEYPAD2                                                               03/01/2016 21:08:44 PAGE 5   

 242   5                                  cmd(0x80);
 243   5                                      dat('2');
 244   5                                 }
 245   4                                 
 246   4                               if(c==0xee)
 247   4                                 {
 248   5                                   cmd(0x80);
 249   5                                       dat('3');
 250   5                                      }
 251   4                                      
 252   4                              if(c==0xd7)
 253   4                                {
 254   5                                  cmd(0x80);
 255   5                                      dat('4');
 256   5                                }     
 257   4                              if(c==0xdb)
 258   4                                {
 259   5                                  cmd(0x80);
 260   5                                      dat('5');
 261   5                                }
 262   4                               if(c==0xdd)
 263   4                               {
 264   5                         cmd(0x80);
 265   5                                 dat('6');
 266   5                                }
 267   4                               if(c==0xde)
 268   4                                 {
 269   5                                    cmd(0x80);
 270   5                                        dat('7');
 271   5                                      }
 272   4                                      
 273   4                            if(c==0xb7)
 274   4                                 {
 275   5                                    cmd(0x80);
 276   5                                        dat('8');
 277   5                                      }
 278   4                                if(c==0xbb)
 279   4                                  {
 280   5                                        cmd(0x80);
 281   5                                        num(9);
 282   5                                       }
 283   4                                if(c==0xbd)
 284   4                                  {
 285   5                                        cmd(0x80);
 286   5                                        num(10);
 287   5                                       }
 288   4                                if(c==0xbe)
 289   4                                  {
 290   5                                        cmd(0x80);
 291   5                                        num(11);
 292   5                                       }  
 293   4                                if(c==0x77)
 294   4                                  {
 295   5                                         cmd(0x80);
 296   5                                        // num(12);
 297   5                                         string("n");
 298   5                                       }
 299   4                               if(c==0x7b)
 300   4                                {
 301   5                                  cmd(0x80);
 302   5                                      //num(13);
 303   5                                      string("a");
C51 COMPILER V9.02   KEYPAD2                                                               03/01/2016 21:08:44 PAGE 6   

 304   5                                 }
 305   4                                 
 306   4                               if(c==0x7d)
 307   4                               {
 308   5                                 cmd(0x80);
 309   5                                 //num(14);
 310   5                                 string("m");
 311   5                                }
 312   4                                
 313   4                                if(c==0x7e)
 314   4                                {
 315   5                                  cmd(0x80);
 316   5                                      //num(15);
 317   5                                      string("e");
 318   5                                } 
 319   4                              
 320   4      
 321   4                                               
 322   4      
 323   4                }
 324   3               
 325   3      
 326   3                delay(9000);
 327   3                cmd(0x01); 
 328   3                cmd(0x80);
 329   3                if(pas[0]==0xe7 && pas[1]==0xeb && pas[2]==0xed && pas[3]==0xee)
 330   3                                                   {
 331   4                                                         string("    OK     ");
 332   4                                                         delay(9000);    
 333   4                                                         cmd(0x01);  cmd(0x80);
 334   4                                                         string("  unlocked  ");
 335   4                                                         led=1;
 336   4                                                      }
 337   3      
 338   3                 else
 339   3                       {
 340   4                                  string("  wrong passcode ");
 341   4                                      delay(9000);
 342   4                                      cmd(0x80);
 343   4                                      string("   try again      ");
 344   4                                      goto z;
 345   4                               }
 346   3      
 347   3      
 348   3                               
 349   3                                                
 350   3                              }
 351   2         else
 352   2             {
 353   3                     delay(9000);
 354   3                         cmd(0x01);
 355   3                         delay(9000);  
 356   3                         cmd(0x80);
 357   3                         string("  try again  ");
 358   3                         goto z;
 359   3                      }
 360   2                              
 361   2                      }
 362   1      
 363   1      }       


C51 COMPILER V9.02   KEYPAD2                                                               03/01/2016 21:08:44 PAGE 7   

MODULE INFORMATION:   STATIC OVERLAYABLE
   CODE SIZE        =   1202    ----
   CONSTANT SIZE    =    112    ----
   XDATA SIZE       =   ----    ----
   PDATA SIZE       =   ----    ----
   DATA SIZE        =   ----      30
   IDATA SIZE       =   ----    ----
   BIT SIZE         =   ----    ----
END OF MODULE INFORMATION.


C51 COMPILATION COMPLETE.  0 WARNING(S),  0 ERROR(S)
