C51 COMPILER V9.02   TX                                                                    03/09/2016 15:05:36 PAGE 1   


C51 COMPILER V9.02, COMPILATION OF MODULE TX
OBJECT MODULE PLACED IN Tx.OBJ
COMPILER INVOKED BY: C:\Keil\C51\BIN\C51.EXE Tx.c BROWSE DEBUG OBJECTEXTEND

line level    source

   1          #include<reg51.h>
   2          void string(char *p)
   3           {
   4   1         while(*p!='\0')
   5   1           {
   6   2                  //dat(*p);
   7   2                      SBUF = *p;
   8   2                      while(TI==0);
   9   2                      TI=0;
  10   2                      p++;
  11   2              //      delay(9000);
  12   2               }
  13   1       }
  14          
  15          void main()
  16          {
  17   1      
  18   1       TMOD=0x20;
  19   1       TR1=1;
  20   1       TH1=0xfd;
  21   1       SCON=0x40;
  22   1      
  23   1         while(1)
  24   1            {
  25   2                  string("Hi");
  26   2                }
  27   1      }
  28          


MODULE INFORMATION:   STATIC OVERLAYABLE
   CODE SIZE        =     44    ----
   CONSTANT SIZE    =      3    ----
   XDATA SIZE       =   ----    ----
   PDATA SIZE       =   ----    ----
   DATA SIZE        =   ----    ----
   IDATA SIZE       =   ----    ----
   BIT SIZE         =   ----    ----
END OF MODULE INFORMATION.


C51 COMPILATION COMPLETE.  0 WARNING(S),  0 ERROR(S)
