C51 COMPILER V9.02   TRAFFIC_LIGHT                                                         02/28/2016 12:18:27 PAGE 1   


C51 COMPILER V9.02, COMPILATION OF MODULE TRAFFIC_LIGHT
OBJECT MODULE PLACED IN traffic_light.OBJ
COMPILER INVOKED BY: C:\Keil\C51\BIN\C51.EXE traffic_light.c BROWSE DEBUG OBJECTEXTEND

line level    source

   1          #include<reg51.h>
   2          
   3          sbit red    =  P0^0;
   4          sbit yellow =  P0^1;
   5          sbit green  =  P0^2;
   6          sbit one    =  P0^3;
   7          sbit two    =  P0^4;
   8          
   9          sbit rs = P2^0;
  10          sbit rw = P2^1;
  11          sbit e =  P2^2;
  12          
  13          
  14          void delay(int t)
  15          {
  16   1        while(t--);
  17   1      }
  18          
  19          
  20          void cmd(char c)
  21          {
  22   1        P3=c;
  23   1        rs=0;
  24   1        rw=0;
  25   1        e=1;
  26   1        delay(50);
  27   1        e=0;
  28   1      }
  29          
  30          void dat(char c)
  31          {
  32   1        P3=c;
  33   1        rs=1;
  34   1        rw=0;
  35   1        e=1;
  36   1        delay(50);
  37   1        e=0;
  38   1      }
  39          
  40          void lcd()
  41          {
  42   1        cmd(0x01);
  43   1        delay(200);
  44   1        cmd(0x38);
  45   1        delay(200);
  46   1        cmd(0x0e);
  47   1        delay(200);
  48   1        cmd(0x80);
  49   1        delay(200);
  50   1      }
  51          
  52          void string(char *p)
  53          {
  54   1        while(*p!='\0')
  55   1            {
C51 COMPILER V9.02   TRAFFIC_LIGHT                                                         02/28/2016 12:18:27 PAGE 2   

  56   2                   dat(*p);
  57   2                       p++;
  58   2                       delay(9000);
  59   2                      }
  60   1      }
  61          
  62          
  63          void num(unsigned int p)
  64          {
  65   1       unsigned int k,w,b=1;
  66   1       k=p;
  67   1       while(k>=10)
  68   1         {
  69   2           b=b*10;
  70   2               k=k/10;
  71   2         }
  72   1       while(b>=1)
  73   1         {
  74   2           w=p/b;
  75   2               p=p%b;
  76   2               b=b/10;
  77   2               dat(w+48);
  78   2              }
  79   1      }
  80          void main()
  81          {
  82   1      int i;
  83   1      int arr[10]={0x3f,0x06,0x5b,0x4f,0x66,0x6d,0x7d,0x07,0x7f,0x67};
  84   1      lcd();
  85   1      P1=0x00; P2=0x00; P3=0x00;
  86   1      string("STOP");
  87   1      for(i=99;i>=30;i--)
  88   1      {
  89   2        red=1;yellow=0;green=0;
  90   2       
  91   2        one =1; two=0;
  92   2        P1=arr[i%10];
  93   2        delay(10000);
  94   2        two=1;  one=0;
  95   2        P1=arr[i/10];
  96   2        delay(10000);
  97   2      }
  98   1      cmd(0x01);
  99   1      cmd(0x80);
 100   1      string("  READY");
 101   1      for(i=29;i>=10;i--)
 102   1      {
 103   2        red=0; yellow=1; green=0;
 104   2       
 105   2        one =1; two=0;
 106   2        P1=arr[i%10];
 107   2        delay(10000);
 108   2        two=1;  one=0;
 109   2        P1=arr[i/10];
 110   2        delay(10000);
 111   2        
 112   2      }
 113   1      cmd(0x01);
 114   1      cmd(0x80);
 115   1      string("  GO");
 116   1      for(i=99;i>=0;i--)
 117   1      {
C51 COMPILER V9.02   TRAFFIC_LIGHT                                                         02/28/2016 12:18:27 PAGE 3   

 118   2        red=0; yellow=0; green=1;
 119   2       
 120   2        one =1; two=0;
 121   2        P1=arr[i%10];
 122   2        delay(10000);
 123   2        two=1;  one=0;
 124   2        P1=arr[i/10];
 125   2        delay(10000);
 126   2      }
 127   1      }


MODULE INFORMATION:   STATIC OVERLAYABLE
   CODE SIZE        =    439    ----
   CONSTANT SIZE    =     38    ----
   XDATA SIZE       =   ----    ----
   PDATA SIZE       =   ----    ----
   DATA SIZE        =   ----      24
   IDATA SIZE       =   ----    ----
   BIT SIZE         =   ----    ----
END OF MODULE INFORMATION.


C51 COMPILATION COMPLETE.  0 WARNING(S),  0 ERROR(S)
