C51 COMPILER V9.02   DIGITAL_CLOCK                                                         02/28/2016 12:27:33 PAGE 1   


C51 COMPILER V9.02, COMPILATION OF MODULE DIGITAL_CLOCK
OBJECT MODULE PLACED IN digital_clock.OBJ
COMPILER INVOKED BY: C:\Keil\C51\BIN\C51.EXE digital_clock.c BROWSE DEBUG OBJECTEXTEND

line level    source

   1                                                                   
   2          #include<reg51.h>
   3          sbit rs = P2^0;
   4          sbit rw = P2^1;
   5          sbit  e = P2^2;
   6          void delay(int t)
   7          {
   8   1        while(t--);
   9   1      }
  10          
  11          
  12          
  13          void cmd(char c)
  14          {
  15   1        P3=c;
  16   1        rs=0;
  17   1        rw=0;
  18   1        e=1;
  19   1        delay(50);
  20   1        e=0;
  21   1      }
  22          
  23          
  24          void dat(char c)
  25          {
  26   1      
  27   1        P3=c;
  28   1        rs=1;
  29   1        rw=0;
  30   1        e=1;
  31   1        delay(50);
  32   1        e=0;
  33   1      }
  34          void lcd()
  35          {
  36   1        cmd(0x01);
  37   1        delay(200);
  38   1        cmd(0x38);
  39   1        delay(200);
  40   1        cmd(0x0c);
  41   1        delay(200);
  42   1        cmd(0x80);
  43   1        delay(200);
  44   1      }
  45          
  46           void string(char *p)
  47           {
  48   1         while(*p!='\0')
  49   1           {
  50   2                  dat(*p);
  51   2                      p++;
  52   2                      delay(9000);
  53   2              }
  54   1      }
  55          
C51 COMPILER V9.02   DIGITAL_CLOCK                                                         02/28/2016 12:27:33 PAGE 2   

  56          void num(unsigned int p)
  57           {
  58   1         unsigned int k,w,b=1;
  59   1         k=p;
  60   1         while(k>=10)
  61   1          {
  62   2                b=b*10;
  63   2                k=k/10;
  64   2              }
  65   1              while(b>=1)
  66   1              {
  67   2                w=p/b;
  68   2                p=p%b;
  69   2                b=b/10;
  70   2                delay(40000);
  71   2                dat(w+48);
  72   2              }
  73   1      }
  74          
  75          void main()
  76          {
  77   1        int i,j,k;
  78   1        lcd();
  79   1        cmd(0x80);
  80   1        string("  H : M : S ");
  81   1        for(i=0;i<12;i++)
  82   1         {
  83   2           cmd(0xc2);
  84   2               if(i<10)
  85   2                {
  86   3                   dat('0');
  87   3                }
  88   2      
  89   2      
  90   2                num(i);
  91   2                for(j=0;j<59;j++)
  92   2                   {
  93   3                         cmd(0xc6);
  94   3                         if(j<10)
  95   3                          {
  96   4                                 dat('0');
  97   4                              }
  98   3                      num(j);
  99   3      
 100   3                           for(k=0;k<59;k++)
 101   3                                {
 102   4                                  cmd(0xc9);
 103   4                                      if(k<10)
 104   4                                       {
 105   5                                         dat('0');
 106   5                                      }
 107   4                                  num(k);
 108   4                                 }
 109   3                              }
 110   2                      }
 111   1              }


MODULE INFORMATION:   STATIC OVERLAYABLE
   CODE SIZE        =    414    ----
   CONSTANT SIZE    =     13    ----
   XDATA SIZE       =   ----    ----
C51 COMPILER V9.02   DIGITAL_CLOCK                                                         02/28/2016 12:27:33 PAGE 3   

   PDATA SIZE       =   ----    ----
   DATA SIZE        =   ----      10
   IDATA SIZE       =   ----    ----
   BIT SIZE         =   ----    ----
END OF MODULE INFORMATION.


C51 COMPILATION COMPLETE.  0 WARNING(S),  0 ERROR(S)
