C51 COMPILER V9.02   STEPPER_FULL                                                          03/15/2016 15:54:09 PAGE 1   


C51 COMPILER V9.02, COMPILATION OF MODULE STEPPER_FULL
OBJECT MODULE PLACED IN stepper_full.OBJ
COMPILER INVOKED BY: C:\Keil\C51\BIN\C51.EXE stepper_full.c BROWSE DEBUG OBJECTEXTEND

line level    source

   1          #include<reg51.h>
   2          
   3          void delay(int t)
   4          {
   5   1        while(t--);
   6   1      }
   7          
   8          void main()
   9          {
  10   1       int i;
  11   1       P2=0x00;
  12   1       while(1)
  13   1         {
  14   2            for(i=0;i<13;i++)
  15   2                   {
  16   3                          P2=0x03;
  17   3                              delay(50000);
  18   3      
  19   3                              P2=0x06;
  20   3                              delay(50000);
  21   3      
  22   3                              P2=0x0c;
  23   3                              delay(50000);
  24   3      
  25   3                              P2=0x09;
  26   3                              delay(50000);
  27   3                      }
  28   2      
  29   2                      for(i=0;i<13;i++)
  30   2                   {
  31   3                          P2=0x09;
  32   3                              delay(50000);
  33   3      
  34   3                              P2=0x0c;
  35   3                              delay(50000);
  36   3      
  37   3                              P2=0x06;
  38   3                              delay(50000);
  39   3      
  40   3                              P2=0x03;
  41   3                              delay(50000);
  42   3                      }
  43   2              }
  44   1      }
  45                              


MODULE INFORMATION:   STATIC OVERLAYABLE
   CODE SIZE        =     99    ----
   CONSTANT SIZE    =   ----    ----
   XDATA SIZE       =   ----    ----
   PDATA SIZE       =   ----    ----
   DATA SIZE        =   ----    ----
   IDATA SIZE       =   ----    ----
   BIT SIZE         =   ----    ----
C51 COMPILER V9.02   STEPPER_FULL                                                          03/15/2016 15:54:09 PAGE 2   

END OF MODULE INFORMATION.


C51 COMPILATION COMPLETE.  0 WARNING(S),  0 ERROR(S)
