C51 COMPILER V9.52.0.0   TEMP                                                              03/10/2016 15:28:27 PAGE 1   


C51 COMPILER V9.52.0.0, COMPILATION OF MODULE TEMP
OBJECT MODULE PLACED IN temp.OBJ
COMPILER INVOKED BY: C:\Keil\C51\BIN\C51.EXE temp.c BROWSE DEBUG OBJECTEXTEND TABS(2)

line level    source

   1          #include<reg51.h>
   2          
   3          sbit cs=P3^0;
   4          sbit rd=P3^1;
   5          sbit wr=P3^2;
   6          sbit intr=P3^3;
   7          
   8          sbit rs =P3^4;
   9          sbit rw = P3^5;
  10          sbit e = P3^6;
  11          
  12          void delay(int t)
  13          {
  14   1         while(t--);
  15   1      }
  16          
  17          void cmd(unsigned char c)
  18          {
  19   1        P1=c;
  20   1        rs=0;
  21   1        rw=0;
  22   1        e=1;
  23   1        delay(50);
  24   1        e=0;
  25   1      }
  26            
  27          void lcd()
  28          {
  29   1        cmd(0x38);
  30   1        delay(200);
  31   1        cmd(0x0e);
  32   1        delay(200);
  33   1        cmd(0x01);
  34   1        delay(200);
  35   1        cmd(0x80);
  36   1        delay(200);
  37   1      }
  38          void dat(unsigned char c)
  39          {
  40   1        
  41   1        P1=c;
  42   1        rs=1;
  43   1        rw=0;
  44   1        e=1;
  45   1        delay(50);
  46   1        e=0;
  47   1      }
  48          
  49          void num(unsigned int p)
  50          {
  51   1        unsigned int k,w,b=1;
  52   1        k=p;
  53   1        while(k>=10)
  54   1        {
  55   2          b=b*10;
C51 COMPILER V9.52.0.0   TEMP                                                              03/10/2016 15:28:27 PAGE 2   

  56   2          k=k/10;
  57   2        }
  58   1        while(b>=1)
  59   1        {
  60   2          w=p/b;
  61   2          p=p%b;
  62   2          b=b/10;
  63   2          dat(w+48);
  64   2        }
  65   1      }
  66          
  67          int adc()
  68          
  69          {
  70   1        
  71   1        cs=0;
  72   1        wr=0;
  73   1        delay(1);
  74   1        wr=1;
  75   1        rd=1;
  76   1        
  77   1        while(intr==1);
  78   1        
  79   1        rd=0;
  80   1        
  81   1        return P2;
  82   1      }
  83          
  84          
  85          void main()
  86          {
  87   1        int x;
  88   1        lcd();
  89   1        while(1)
  90   1        {
  91   2          cmd(0x80);
  92   2          x=adc();
  93   2          num(x);
  94   2        }
  95   1      }


MODULE INFORMATION:   STATIC OVERLAYABLE
   CODE SIZE        =    243    ----
   CONSTANT SIZE    =   ----    ----
   XDATA SIZE       =   ----    ----
   PDATA SIZE       =   ----    ----
   DATA SIZE        =   ----       6
   IDATA SIZE       =   ----    ----
   BIT SIZE         =   ----    ----
END OF MODULE INFORMATION.


C51 COMPILATION COMPLETE.  0 WARNING(S),  0 ERROR(S)
