C51 COMPILER V9.02   TX                                                                    03/09/2016 15:22:14 PAGE 1   


C51 COMPILER V9.02, COMPILATION OF MODULE TX
OBJECT MODULE PLACED IN tx.OBJ
COMPILER INVOKED BY: C:\Keil\C51\BIN\C51.EXE tx.c BROWSE DEBUG OBJECTEXTEND

line level    source

   1          #include<reg51.h>
   2          void delay(int t)
   3          {
   4   1        while(t--);
   5   1      }
   6          void string(char *p)
   7           {
   8   1         while(*p!='\0')
   9   1           {
  10   2                  //dat(*p);
  11   2                      SBUF = *p;
  12   2                      while(TI==0);
  13   2                      TI=0;
  14   2                              delay(9000);
  15   2                      p++;
  16   2      
  17   2               }
  18   1       }
  19          
  20          void main()
  21          {
  22   1      
  23   1       TMOD=0x20;
  24   1       TR1=1;
  25   1       TH1=0xfd;
  26   1       SCON=0x40;
  27   1      
  28   1         while(1)
  29   1            {
  30   2                  string("Hi");
  31   2                }
  32   1      }
  33          


MODULE INFORMATION:   STATIC OVERLAYABLE
   CODE SIZE        =     62    ----
   CONSTANT SIZE    =      3    ----
   XDATA SIZE       =   ----    ----
   PDATA SIZE       =   ----    ----
   DATA SIZE        =   ----    ----
   IDATA SIZE       =   ----    ----
   BIT SIZE         =   ----    ----
END OF MODULE INFORMATION.


C51 COMPILATION COMPLETE.  0 WARNING(S),  0 ERROR(S)
