C51 COMPILER V9.02   INTERFACING_7_SEG                                                     02/28/2016 13:04:21 PAGE 1   


C51 COMPILER V9.02, COMPILATION OF MODULE INTERFACING_7_SEG
OBJECT MODULE PLACED IN interfacing 7_seg.OBJ
COMPILER INVOKED BY: C:\Keil\C51\BIN\C51.EXE interfacing 7_seg.c BROWSE DEBUG OBJECTEXTEND

line level    source

   1          
   2          #include<reg51.h>
   3          
   4          void delay(int t)
   5          {
   6   1        while(t--);
   7   1      }
   8          
   9          void main()
  10          
  11          {
  12   1        int i,j,k;
  13   1        int arr[]={0x3f,0x06,0x5b,0x4f,0x66,0x6d,0x7d,0x07,0x7f,0x67};
  14   1        P0=0x00;
  15   1        P2=0x00;
  16   1        P3=0x00;
  17   1      
  18   1        for(i=9;i>=0;i--)
  19   1          {
  20   2            P1=arr[i];
  21   2      
  22   2                for(j=9;j>=0;j--)
  23   2                  {
  24   3                        P2=arr[j];
  25   3      
  26   3                        for(k=9;k>=0;k--)
  27   3                          {
  28   4                                P3=arr[k];
  29   4                                delay(9000);
  30   4                              }
  31   3                      }
  32   2              }
  33   1      }


MODULE INFORMATION:   STATIC OVERLAYABLE
   CODE SIZE        =    136    ----
   CONSTANT SIZE    =     20    ----
   XDATA SIZE       =   ----    ----
   PDATA SIZE       =   ----    ----
   DATA SIZE        =   ----      22
   IDATA SIZE       =   ----    ----
   BIT SIZE         =   ----    ----
END OF MODULE INFORMATION.


C51 COMPILATION COMPLETE.  0 WARNING(S),  0 ERROR(S)
