C51 COMPILER V9.02   BUTTON_LCD                                                            02/28/2016 12:41:52 PAGE 1   


C51 COMPILER V9.02, COMPILATION OF MODULE BUTTON_LCD
OBJECT MODULE PLACED IN button_lcd.OBJ
COMPILER INVOKED BY: C:\Keil\C51\BIN\C51.EXE button_lcd.c BROWSE DEBUG OBJECTEXTEND

line level    source

   1          
   2          #include<reg51.h>
   3          sbit sw =P1^0;
   4          sbit rs =P2^0;
   5          sbit rw = P2^1;
   6          sbit e = P2^2;
   7          
   8          void delay(int t)
   9          {
  10   1        while(t--);
  11   1      }
  12          
  13          
  14          
  15          void cmd(char c)
  16          {
  17   1        P3=c;
  18   1        rs=0;
  19   1        rw=0;
  20   1        e=1;
  21   1        delay(50);
  22   1        e=0;
  23   1      }
  24          
  25          
  26          void dat(char c)
  27          {
  28   1      
  29   1        P3=c;
  30   1        rs=1;
  31   1        rw=0;
  32   1        e=1;
  33   1        delay(50);
  34   1        e=0;
  35   1      }
  36          void lcd()
  37          {
  38   1        cmd(0x01);
  39   1        delay(200);
  40   1        cmd(0x38);
  41   1        delay(200);
  42   1        cmd(0x0c);
  43   1        delay(200);
  44   1        cmd(0x80);
  45   1        delay(200);
  46   1      }
  47          
  48           void string(char *p)
  49           {
  50   1         while(*p!='\0')
  51   1           {
  52   2                  dat(*p);
  53   2                      p++;
  54   2                      delay(9000);
  55   2              }
C51 COMPILER V9.02   BUTTON_LCD                                                            02/28/2016 12:41:52 PAGE 2   

  56   1      }
  57          
  58          void main()
  59          {
  60   1      
  61   1        int i;
  62   1        lcd();
  63   1        P1=0x00;
  64   1        while(1)
  65   1         {
  66   2           while(sw==1)
  67   2                 {
  68   3                   i++;
  69   3                       while(sw==1);
  70   3                      }
  71   2           if(i>3)
  72   2                 i=0;
  73   2      
  74   2               if(i==1)
  75   2                 {
  76   3                   cmd(0x80);
  77   3                   string("mayank");
  78   3                      }
  79   2      
  80   2               if(i==2)
  81   2                  {
  82   3                         cmd(0x80);
  83   3                         string("Gulani  ");
  84   3                      }
  85   2               if(i==3)
  86   2                  {
  87   3                        cmd(0x80);
  88   3                        string("Rohan  ");
  89   3                      }
  90   2      
  91   2              }
  92   1      }


MODULE INFORMATION:   STATIC OVERLAYABLE
   CODE SIZE        =    215    ----
   CONSTANT SIZE    =     24    ----
   XDATA SIZE       =   ----    ----
   PDATA SIZE       =   ----    ----
   DATA SIZE        =   ----       2
   IDATA SIZE       =   ----    ----
   BIT SIZE         =   ----    ----
END OF MODULE INFORMATION.


C51 COMPILATION COMPLETE.  0 WARNING(S),  0 ERROR(S)
