C51 COMPILER V9.02   RELAY                                                                 03/14/2016 14:23:53 PAGE 1   


C51 COMPILER V9.02, COMPILATION OF MODULE RELAY
OBJECT MODULE PLACED IN relay.OBJ
COMPILER INVOKED BY: C:\Keil\C51\BIN\C51.EXE relay.c BROWSE DEBUG OBJECTEXTEND

line level    source

   1          #include<reg51.h>
   2          
   3          sbit sw=P1^0;
   4          
   5          void main()
   6          {
   7   1      while(1)
   8   1      {
   9   2      //P1=0x00;
  10   2      P2=0x00;
  11   2       if(sw==0)
  12   2              {
  13   3                P2=0x01; 
  14   3      
  15   3      }       }
  16   1      }


MODULE INFORMATION:   STATIC OVERLAYABLE
   CODE SIZE        =     11    ----
   CONSTANT SIZE    =   ----    ----
   XDATA SIZE       =   ----    ----
   PDATA SIZE       =   ----    ----
   DATA SIZE        =   ----    ----
   IDATA SIZE       =   ----    ----
   BIT SIZE         =   ----    ----
END OF MODULE INFORMATION.


C51 COMPILATION COMPLETE.  0 WARNING(S),  0 ERROR(S)
