C51 COMPILER V9.02   SERIAL_COMM                                                           03/08/2016 15:41:54 PAGE 1   


C51 COMPILER V9.02, COMPILATION OF MODULE SERIAL_COMM
OBJECT MODULE PLACED IN serial_comm.OBJ
COMPILER INVOKED BY: C:\Keil\C51\BIN\C51.EXE serial_comm.c BROWSE DEBUG OBJECTEXTEND

line level    source

   1          #include<reg51.h>
   2          
   3          void string(char *p)
   4           {
   5   1         while(*p!='\0')
   6   1           {
   7   2                  //dat(*p);
   8   2                      SBUF = *p;
   9   2                      while(TI==0);
  10   2                      TI=0;
  11   2                      p++;
  12   2              //      delay(9000);
  13   2               }
  14   1      }
  15          
  16          
  17          void main()
  18          {
  19   1       TMOD=0x20;                      //to set timer 1 to 8 bit mode
  20   1       SCON=0x40;                      // to set serial register to mode 1 i.e 8 bit
  21   1       TR1=1;                          //to set timer 1
  22   1       TH1=0xfd;                      // to set TH register of timer 1
  23   1       //P3=0x00; P2=0x00; P1=0x00;
  24   1       while(1)
  25   1         {
  26   2           SBUF='M';
  27   2               while(TI==0);  //polling
  28   2               TI=0;
  29   2      
  30   2      
  31   2                SBUF='A';
  32   2                while(TI==0); //polling
  33   2                TI=0;
  34   2                //while(1);
  35   2      
  36   2               SBUF='Y';
  37   2                while(TI==0); //polling
  38   2                TI=0;
  39   2                //while(1);
  40   2      
  41   2      
  42   2            SBUF='A';
  43   2                while(TI==0); //polling
  44   2                TI=0;
  45   2                //while(1);
  46   2      
  47   2      
  48   2                SBUF='N';
  49   2                while(TI==0); //polling
  50   2                TI=0;
  51   2                //while(1);
  52   2      
  53   2                SBUF='K';
  54   2                while(TI==0); //polling
  55   2                TI=0;
C51 COMPILER V9.02   SERIAL_COMM                                                           03/08/2016 15:41:54 PAGE 2   

  56   2              //  while(1);
  57   2      
  58   2               string("  MALHOTRA");
  59   2      
  60   2               while(1);
  61   2      
  62   2      
  63   2         }
  64   1      
  65   1      }
  66          


MODULE INFORMATION:   STATIC OVERLAYABLE
   CODE SIZE        =     92    ----
   CONSTANT SIZE    =     11    ----
   XDATA SIZE       =   ----    ----
   PDATA SIZE       =   ----    ----
   DATA SIZE        =   ----    ----
   IDATA SIZE       =   ----    ----
   BIT SIZE         =   ----    ----
END OF MODULE INFORMATION.


C51 COMPILATION COMPLETE.  0 WARNING(S),  0 ERROR(S)
