C51 COMPILER V9.02   STEPPER                                                               03/15/2016 15:37:27 PAGE 1   


C51 COMPILER V9.02, COMPILATION OF MODULE STEPPER
OBJECT MODULE PLACED IN stepper.OBJ
COMPILER INVOKED BY: C:\Keil\C51\BIN\C51.EXE stepper.c BROWSE DEBUG OBJECTEXTEND

line level    source

   1          #include<reg51.h>
   2          void delay(int t)
   3          {
   4   1        while(t--);
   5   1      }
   6          void main()
   7          {
   8   1       int i,j;
   9   1       P2=0x00;
  10   1       while(1)
  11   1         {
  12   2           for(i=0;i<50;i++)
  13   2               { 
  14   3            P2=0x08>>j;
  15   3                delay(50000);
  16   3                j++;
  17   3      
  18   3                if(j==4)
  19   3                 {
  20   4                   j=0;
  21   4                 }
  22   3               
  23   3               }
  24   2      
  25   2               for(i=0;i<50;i++)
  26   2               { 
  27   3            P2=0x01<<j;
  28   3                delay(50000);
  29   3                j++;
  30   3      
  31   3                if(j==4)
  32   3                 {
  33   4                   j=0;
  34   4                 }
  35   3                      
  36   3      }
  37   2      }
  38   1      }


MODULE INFORMATION:   STATIC OVERLAYABLE
   CODE SIZE        =    111    ----
   CONSTANT SIZE    =   ----    ----
   XDATA SIZE       =   ----    ----
   PDATA SIZE       =   ----    ----
   DATA SIZE        =   ----    ----
   IDATA SIZE       =   ----    ----
   BIT SIZE         =   ----    ----
END OF MODULE INFORMATION.


C51 COMPILATION COMPLETE.  0 WARNING(S),  0 ERROR(S)
