C51 COMPILER V9.52.0.0   B                                                                 02/24/2016 15:24:03 PAGE 1   


C51 COMPILER V9.52.0.0, COMPILATION OF MODULE B
OBJECT MODULE PLACED IN b.OBJ
COMPILER INVOKED BY: C:\Keil\C51\BIN\C51.EXE b.c BROWSE DEBUG OBJECTEXTEND TABS(2)

line level    source

   1          #include<reg51.h>
   2          
   3          sbit rs=P1^4;
   4          sbit rw=P1^0;
   5          sbit e=P1^5;
   6          
   7          void delay( unsigned int i)
   8          {
   9   1        while(i--);
  10   1      }
  11          void cmd(unsigned char c)
  12          {
  13   1        P3=c;
  14   1        rs=0;
  15   1        e=1;
  16   1        rw=0;
  17   1        delay(50);
  18   1        e=0;
  19   1      }
  20          
  21          void dat( unsigned char c )
  22          {
  23   1        P3=c;
  24   1        rs=1;
  25   1        e=1;
  26   1        rw=0;
  27   1        delay(50);
  28   1        e=0;
  29   1      }
  30          
  31          void lcd()
  32          {
  33   1        cmd(0x38);
  34   1        delay(200);
  35   1        cmd(0x01);
  36   1        delay(200);
  37   1        cmd(0x0e);
  38   1        delay(200);
  39   1        cmd(0x80);
  40   1        delay(200);
  41   1        
  42   1      }
  43          void string(unsigned char *p)
  44          {
  45   1        while(*p!='\0')
  46   1        {
  47   2          dat(*p);
  48   2          cmd(0x1c);
  49   2          delay(9000);
  50   2          p++;
  51   2        }
  52   1      }
  53          void main()
  54          {
  55   1        lcd();
C51 COMPILER V9.52.0.0   B                                                                 02/24/2016 15:24:03 PAGE 2   

  56   1        
  57   1        while(1)
  58   1        {
  59   2            cmd(0x8f);
  60   2          string("HCL CDC NEW DELHI");
  61   2            
  62   2            
  63   2          }
  64   1          
  65   1          
  66   1        }
  67          
  68              
  69            


MODULE INFORMATION:   STATIC OVERLAYABLE
   CODE SIZE        =    131    ----
   CONSTANT SIZE    =     18    ----
   XDATA SIZE       =   ----    ----
   PDATA SIZE       =   ----    ----
   DATA SIZE        =   ----    ----
   IDATA SIZE       =   ----    ----
   BIT SIZE         =   ----    ----
END OF MODULE INFORMATION.


C51 COMPILATION COMPLETE.  0 WARNING(S),  0 ERROR(S)
